# JRE version: OpenJDK Runtime Environment (8.0_112-b05) (build 1.8.0_112-release-b05)
# Java VM: OpenJDK 64-Bit Server VM (25.112-b05 mixed mode bsd-amd64 compressed oops)
Heap:
 PSYoungGen      total 371712K, used 0K [0x00000007a0000000, 0x00000007bf580000, 0x00000007c0000000)
  eden space 232960K, 0% used [0x00000007a0000000,0x00000007a0000000,0x00000007ae380000)
  from space 138752K, 0% used [0x00000007ae380000,0x00000007ae380000,0x00000007b6b00000)
  to   space 131072K, 0% used [0x00000007b7580000,0x00000007b7580000,0x00000007bf580000)
 ParOldGen       total 381952K, used 55433K [0x0000000760000000, 0x0000000777500000, 0x00000007a0000000)
  object space 381952K, 14% used [0x0000000760000000,0x0000000763622680,0x0000000777500000)
 Metaspace       used 76015K, capacity 81260K, committed 86912K, reserved 1126400K
  class space    used 9353K, capacity 10106K, committed 10880K, reserved 1048576K
GC Heap History (10 events):
Event: 4367.364 GC heap after
Heap after GC invocations=106 (full 17):
 PSYoungGen      total 358912K, used 13603K [0x00000007a0000000, 0x00000007bfd80000, 0x00000007c0000000)
  eden space 211968K, 0% used [0x00000007a0000000,0x00000007a0000000,0x00000007acf00000)
  from space 146944K, 9% used [0x00000007acf00000,0x00000007adc48e10,0x00000007b5e80000)
  to   space 146432K, 0% used [0x00000007b6e80000,0x00000007b6e80000,0x00000007bfd80000)
 ParOldGen       total 381952K, used 316890K [0x0000000760000000, 0x0000000777500000, 0x00000007a0000000)
  object space 381952K, 82% used [0x0000000760000000,0x00000007735768b0,0x0000000777500000)
 Metaspace       used 79283K, capacity 84676K, committed 84864K, reserved 1124352K
  class space    used 9729K, capacity 10548K, committed 10624K, reserved 1048576K
}
Event: 4367.498 GC heap before
{Heap before GC invocations=107 (full 17):
 PSYoungGen      total 358912K, used 225251K [0x00000007a0000000, 0x00000007bfd80000, 0x00000007c0000000)
  eden space 211968K, 99% used [0x00000007a0000000,0x00000007aceb0028,0x00000007acf00000)
  from space 146944K, 9% used [0x00000007acf00000,0x00000007adc48e10,0x00000007b5e80000)
  to   space 146432K, 0% used [0x00000007b6e80000,0x00000007b6e80000,0x00000007bfd80000)
 ParOldGen       total 381952K, used 316890K [0x0000000760000000, 0x0000000777500000, 0x00000007a0000000)
  object space 381952K, 82% used [0x0000000760000000,0x00000007735768b0,0x0000000777500000)
 Metaspace       used 79286K, capacity 84676K, committed 84864K, reserved 1124352K
  class space    used 9729K, capacity 10548K, committed 10624K, reserved 1048576K
Event: 4367.516 GC heap after
Heap after GC invocations=107 (full 17):
 PSYoungGen      total 375296K, used 64K [0x00000007a0000000, 0x00000007bff80000, 0x00000007c0000000)
  eden space 228864K, 0% used [0x00000007a0000000,0x00000007a0000000,0x00000007adf80000)
  from space 146432K, 0% used [0x00000007b6e80000,0x00000007b6e90000,0x00000007bfd80000)
  to   space 146432K, 0% used [0x00000007adf80000,0x00000007adf80000,0x00000007b6e80000)
 ParOldGen       total 381952K, used 323511K [0x0000000760000000, 0x0000000777500000, 0x00000007a0000000)
  object space 381952K, 84% used [0x0000000760000000,0x0000000773bede70,0x0000000777500000)
 Metaspace       used 79286K, capacity 84676K, committed 84864K, reserved 1124352K
  class space    used 9729K, capacity 10548K, committed 10624K, reserved 1048576K
}
Event: 4847.207 GC heap before
{Heap before GC invocations=108 (full 17):
 PSYoungGen      total 375296K, used 228928K [0x00000007a0000000, 0x00000007bff80000, 0x00000007c0000000)
  eden space 228864K, 100% used [0x00000007a0000000,0x00000007adf80000,0x00000007adf80000)
  from space 146432K, 0% used [0x00000007b6e80000,0x00000007b6e90000,0x00000007bfd80000)
  to   space 146432K, 0% used [0x00000007adf80000,0x00000007adf80000,0x00000007b6e80000)
 ParOldGen       total 381952K, used 323511K [0x0000000760000000, 0x0000000777500000, 0x00000007a0000000)
  object space 381952K, 84% used [0x0000000760000000,0x0000000773bede70,0x0000000777500000)
 Metaspace       used 79330K, capacity 84764K, committed 84864K, reserved 1124352K
  class space    used 9736K, capacity 10556K, committed 10624K, reserved 1048576K
Event: 4847.217 GC heap after
Heap after GC invocations=108 (full 17):
 PSYoungGen      total 375296K, used 2016K [0x00000007a0000000, 0x00000007bfd00000, 0x00000007c0000000)
  eden space 228864K, 0% used [0x00000007a0000000,0x00000007a0000000,0x00000007adf80000)
  from space 146432K, 1% used [0x00000007adf80000,0x00000007ae178188,0x00000007b6e80000)
  to   space 144896K, 0% used [0x00000007b6f80000,0x00000007b6f80000,0x00000007bfd00000)
 ParOldGen       total 381952K, used 323535K [0x0000000760000000, 0x0000000777500000, 0x00000007a0000000)
  object space 381952K, 84% used [0x0000000760000000,0x0000000773bf3e70,0x0000000777500000)
 Metaspace       used 79330K, capacity 84764K, committed 84864K, reserved 1124352K
  class space    used 9736K, capacity 10556K, committed 10624K, reserved 1048576K
}
Event: 4849.571 GC heap before
{Heap before GC invocations=109 (full 17):
 PSYoungGen      total 375296K, used 230880K [0x00000007a0000000, 0x00000007bfd00000, 0x00000007c0000000)
  eden space 228864K, 100% used [0x00000007a0000000,0x00000007adf80000,0x00000007adf80000)
  from space 146432K, 1% used [0x00000007adf80000,0x00000007ae178188,0x00000007b6e80000)
  to   space 144896K, 0% used [0x00000007b6f80000,0x00000007b6f80000,0x00000007bfd00000)
 ParOldGen       total 381952K, used 323535K [0x0000000760000000, 0x0000000777500000, 0x00000007a0000000)
  object space 381952K, 84% used [0x0000000760000000,0x0000000773bf3e70,0x0000000777500000)
 Metaspace       used 80874K, capacity 86446K, committed 86656K, reserved 1124352K
  class space    used 9906K, capacity 10757K, committed 10880K, reserved 1048576K
Event: 4849.600 GC heap after
Heap after GC invocations=109 (full 17):
 PSYoungGen      total 367104K, used 24349K [0x00000007a0000000, 0x00000007bf280000, 0x00000007c0000000)
  eden space 232960K, 0% used [0x00000007a0000000,0x00000007a0000000,0x00000007ae380000)
  from space 134144K, 18% used [0x00000007b6f80000,0x00000007b8747420,0x00000007bf280000)
  to   space 138752K, 0% used [0x00000007ae380000,0x00000007ae380000,0x00000007b6b00000)
 ParOldGen       total 381952K, used 324488K [0x0000000760000000, 0x0000000777500000, 0x00000007a0000000)
  object space 381952K, 84% used [0x0000000760000000,0x0000000773ce2038,0x0000000777500000)
 Metaspace       used 80874K, capacity 86446K, committed 86656K, reserved 1124352K
  class space    used 9906K, capacity 10757K, committed 10880K, reserved 1048576K
}
Event: 4850.349 GC heap before
{Heap before GC invocations=110 (full 17):
 PSYoungGen      total 367104K, used 256697K [0x00000007a0000000, 0x00000007bf280000, 0x00000007c0000000)
  eden space 232960K, 99% used [0x00000007a0000000,0x00000007ae2e7098,0x00000007ae380000)
  from space 134144K, 18% used [0x00000007b6f80000,0x00000007b8747420,0x00000007bf280000)
  to   space 138752K, 0% used [0x00000007ae380000,0x00000007ae380000,0x00000007b6b00000)
 ParOldGen       total 381952K, used 324488K [0x0000000760000000, 0x0000000777500000, 0x00000007a0000000)
  object space 381952K, 84% used [0x0000000760000000,0x0000000773ce2038,0x0000000777500000)
 Metaspace       used 80964K, capacity 86510K, committed 86912K, reserved 1126400K
  class space    used 9914K, capacity 10757K, committed 10880K, reserved 1048576K
Event: 4850.416 GC heap after
Heap after GC invocations=110 (full 17):
 PSYoungGen      total 371712K, used 32236K [0x00000007a0000000, 0x00000007bf580000, 0x00000007c0000000)
  eden space 232960K, 0% used [0x00000007a0000000,0x00000007a0000000,0x00000007ae380000)
  from space 138752K, 23% used [0x00000007ae380000,0x00000007b02fb1f8,0x00000007b6b00000)
  to   space 131072K, 0% used [0x00000007b7580000,0x00000007b7580000,0x00000007bf580000)
 ParOldGen       total 381952K, used 344704K [0x0000000760000000, 0x0000000777500000, 0x00000007a0000000)
  object space 381952K, 90% used [0x0000000760000000,0x00000007750a01c8,0x0000000777500000)
 Metaspace       used 80964K, capacity 86510K, committed 86912K, reserved 1126400K
  class space    used 9914K, capacity 10757K, committed 10880K, reserved 1048576K
}
Event: 4850.416 GC heap before
{Heap before GC invocations=111 (full 18):
 PSYoungGen      total 371712K, used 32236K [0x00000007a0000000, 0x00000007bf580000, 0x00000007c0000000)
  eden space 232960K, 0% used [0x00000007a0000000,0x00000007a0000000,0x00000007ae380000)
  from space 138752K, 23% used [0x00000007ae380000,0x00000007b02fb1f8,0x00000007b6b00000)
  to   space 131072K, 0% used [0x00000007b7580000,0x00000007b7580000,0x00000007bf580000)
 ParOldGen       total 381952K, used 344704K [0x0000000760000000, 0x0000000777500000, 0x00000007a0000000)
  object space 381952K, 90% used [0x0000000760000000,0x00000007750a01c8,0x0000000777500000)
 Metaspace       used 80964K, capacity 86510K, committed 86912K, reserved 1126400K
  class space    used 9914K, capacity 10757K, committed 10880K, reserved 1048576K

